<?xml version="1.0" encoding="UTF-8"?>
<!-- Generated by org.testng.reporters.JUnitReportReporter -->
<testsuite hostname="Sayan-Laptop" failures="0" tests="1" name="page_validation.appium_test" time="4.488" errors="0" timestamp="2023-11-25T15:56:14 IST" skipped="0">
  <testcase classname="page_validation.appium_test" name="appium_test_method" time="4.488"/>
</testsuite> <!-- page_validation.appium_test -->
