<?xml version="1.0" encoding="UTF-8"?>
<!-- Generated by org.testng.reporters.JUnitReportReporter -->
<testsuite hostname="Sayan-Laptop" failures="0" tests="1" name="auto_runner.cucumber_runner" time="7.774" errors="0" timestamp="2023-08-15T18:07:57 IST" skipped="0">
  <testcase classname="auto_runner.cucumber_runner" name="scenario" time="7.774"/>
</testsuite> <!-- auto_runner.cucumber_runner -->
