<?xml version="1.0" encoding="UTF-8"?>
<!-- Generated by org.testng.reporters.JUnitReportReporter -->
<testsuite hostname="Sayan-Laptop" failures="0" tests="1" name="auto_runner.cucumber_runner" time="5.606" errors="0" timestamp="2023-07-29T20:00:30 IST" skipped="0">
  <testcase classname="auto_runner.cucumber_runner" name="scenario" time="5.606"/>
</testsuite> <!-- auto_runner.cucumber_runner -->
