<?xml version="1.0" encoding="UTF-8"?>
<!-- Generated by org.testng.reporters.JUnitReportReporter -->
<testsuite hostname="Sayan-Laptop" failures="0" tests="1" name="auto_runner.cucumber_runner" time="11.767" errors="0" timestamp="2023-07-13T14:28:31 IST" skipped="0">
  <testcase classname="auto_runner.cucumber_runner" name="scenario" time="11.767"/>
</testsuite> <!-- auto_runner.cucumber_runner -->
